[2026-07-21T09:56:20.327Z] GET http://127.0.0.1:34567/welcome → 200 (90ms, 9188B)
[2026-07-21T09:56:20.435Z] GET https://fonts.googleapis.com/css2?family=DM+Sans:wght@400;500;600&family=JetBrains+Mono:wght@400;500&display=swap → 200 (306ms, 7685B)
[2026-07-21T09:56:20.436Z] GET https://api.fontshare.com/v2/css?f[]=satoshi@700,900&display=swap → 200 (542ms, ?B)
[2026-07-21T09:56:21.129Z] GET https://fonts.gstatic.com/s/dmsans/v17/rP2Yp2ywxg089UriI5-g4vlH9VoD8Cmcqbu0-K6z9mXg.woff2 → 200 (144ms, 36980B)
[2026-07-21T09:56:21.130Z] GET https://fonts.gstatic.com/s/jetbrainsmono/v24/tDbv2o-flEEny0FZhsfKu5WU4zr3E_BX0PnT8RD8yKwBNntkaToggR7BYRbKPxDcwgknk-4.woff2 → 200 (135ms, 31340B)
[2026-07-21T09:56:31.341Z] GET http://localhost:5178/ → 200 (11ms, 4317B)
[2026-07-21T09:56:31.386Z] GET http://localhost:5178/style.css → 200 (1ms, 8517B)
[2026-07-21T09:56:31.387Z] GET http://localhost:5178/app.js → 200 (5ms, 13916B)
[2026-07-21T09:56:31.481Z] GET http://localhost:5178/api/videos → 200 (91ms, 295B)
[2026-07-21T09:56:31.586Z] GET http://localhost:5178/api/subtitle-templates → 200 (56ms, 66B)
[2026-07-21T09:56:31.598Z] GET http://localhost:5178/videos/Sample%20-%20Bars.mp4 → 206 (36ms, ?B)
[2026-07-21T09:56:31.599Z] GET http://localhost:5178/videos/Sample%20-%20Gradient.mp4 → 206 (31ms, 310228B)
[2026-07-21T09:56:31.601Z] GET http://localhost:5178/videos/Sample%20-%20Mandelbrot.mp4 → 206 (41ms, ?B)
[2026-07-21T09:56:31.663Z] GET http://localhost:5178/videos/Sample%20-%20Mandelbrot.mp4 → 206 (22ms, 23587B)
[2026-07-21T09:56:31.663Z] GET http://localhost:5178/videos/Sample%20-%20Bars.mp4 → 206 (24ms, 18064B)
[2026-07-21T09:56:32.032Z] GET http://localhost:5178/videos/Sample%20-%20Mandelbrot.mp4 → 206 (9ms, ?B)
[2026-07-21T09:56:32.086Z] GET http://localhost:5178/videos/Sample%20-%20Bars.mp4 → 206 (6ms, ?B)
[2026-07-21T09:57:20.450Z] GET http://localhost:5178/videos/Sample%20-%20Bars.mp4 → 206 (7ms, ?B)
[2026-07-21T09:57:20.459Z] GET http://localhost:5178/videos/Sample%20-%20Bars.mp4 → 206 (6ms, ?B)
[2026-07-21T09:57:20.468Z] GET http://localhost:5178/videos/Sample%20-%20Bars.mp4 → 206 (5ms, 18064B)
[2026-07-21T09:57:21.528Z] GET http://localhost:5178/videos/Sample%20-%20Bars.mp4 → 206 (10ms, ?B)
[2026-07-21T09:57:21.540Z] GET http://localhost:5178/videos/Sample%20-%20Bars.mp4 → 206 (8ms, ?B)
[2026-07-21T09:57:21.556Z] GET http://localhost:5178/videos/Sample%20-%20Bars.mp4 → 206 (9ms, ?B)
[2026-07-21T09:57:21.569Z] GET http://localhost:5178/videos/Sample%20-%20Bars.mp4 → 206 (6ms, ?B)
[2026-07-21T09:57:21.578Z] GET http://localhost:5178/videos/Sample%20-%20Bars.mp4 → 206 (4ms, ?B)
[2026-07-21T09:57:21.583Z] GET http://localhost:5178/videos/Sample%20-%20Bars.mp4 → 206 (5ms, ?B)
[2026-07-21T09:57:21.591Z] GET http://localhost:5178/videos/Sample%20-%20Bars.mp4 → 206 (4ms, ?B)
[2026-07-21T09:57:21.596Z] GET http://localhost:5178/videos/Sample%20-%20Bars.mp4 → 206 (5ms, ?B)
[2026-07-21T09:57:21.603Z] GET http://localhost:5178/videos/Sample%20-%20Bars.mp4 → 206 (6ms, ?B)
[2026-07-21T09:57:25.379Z] GET http://localhost:5178/api/subtitle-templates/dimitri-peter-cullen.xlsx → 200 (67ms, 2925B)
